1.880940e+01 4.101267e+01
1.900950e+01 4.362393e+01
1.920960e+01 4.648192e+01
1.940970e+01 4.960675e+01
1.960980e+01 5.301704e+01
1.980990e+01 5.672828e+01
2.001001e+01 6.075057e+01
2.021011e+01 6.508556e+01
2.041021e+01 6.972276e+01
2.061031e+01 7.463443e+01
2.081041e+01 7.977041e+01
2.101051e+01 8.505136e+01
2.121061e+01 9.036047e+01
2.141071e+01 9.553724e+01
2.161081e+01 1.003731e+02
2.181091e+01 1.046132e+02
2.201101e+01 1.079737e+02
2.221111e+01 1.102033e+02
2.241121e+01 1.110236e+02
2.261131e+01 1.106068e+02
2.281141e+01 1.091508e+02
2.301151e+01 1.068997e+02
2.321161e+01 1.040855e+02
2.341171e+01 1.009070e+02
2.361181e+01 9.752626e+01
2.381191e+01 9.407868e+01
2.401201e+01 9.062417e+01
2.421211e+01 8.726144e+01
2.441221e+01 8.403373e+01
2.461231e+01 8.097008e+01
2.481241e+01 7.808860e+01
2.501251e+01 7.539794e+01
2.521261e+01 7.290020e+01
2.541271e+01 7.059191e+01
2.561281e+01 6.847727e+01
2.581291e+01 6.651630e+01
2.601301e+01 6.472854e+01
2.621311e+01 6.309737e+01
2.641321e+01 6.161066e+01
